[01m[K/home/blackjackdev/demos/ros2docker/pkg_alpha/src/pkg_alpha/src/node_alpha.cpp:[m[K In member function â€˜[01m[Kvoid NodeAlpha::topic_callback(std_msgs::msg::UInt32_<std::allocator<void> >::SharedPtr) const[m[Kâ€™:
[01m[K/home/blackjackdev/demos/ros2docker/pkg_alpha/src/pkg_alpha/src/node_alpha.cpp:29:30:[m[K [01;31m[Kerror: [m[Kexpected â€˜[01m[K;[m[Kâ€™ before â€˜[01m[KinfoInstance[m[Kâ€™
     ia_msgs::msg::SomeInfo() [01;31m[KinfoInstance[m[K;
                              [01;31m[K^~~~~~~~~~~~[m[K
[01m[K/home/blackjackdev/demos/ros2docker/pkg_alpha/src/pkg_alpha/src/node_alpha.cpp:30:5:[m[K [01;31m[Kerror: [m[Kâ€˜[01m[KinfoInstance[m[Kâ€™ was not declared in this scope
     [01;31m[KinfoInstance[m[K.BaseStruct.id = 1;
     [01;31m[K^~~~~~~~~~~~[m[K
[01m[K/home/blackjackdev/demos/ros2docker/pkg_alpha/src/pkg_alpha/src/node_alpha.cpp:30:5:[m[K [01;36m[Knote: [m[Ksuggested alternative: â€˜[01m[Kinitstate[m[Kâ€™
     [01;36m[KinfoInstance[m[K.BaseStruct.id = 1;
     [01;36m[K^~~~~~~~~~~~[m[K
     [32m[Kinitstate[m[K
make[2]: *** [CMakeFiles/node_alpha.dir/src/node_alpha.cpp.o] Error 1
make[1]: *** [CMakeFiles/node_alpha.dir/all] Error 2
make: *** [all] Error 2
