-- Found ament_cmake: 0.7.3 (/opt/ros/dashing/share/ament_cmake/cmake)
-- Using PYTHON_EXECUTABLE: /usr/bin/python3
-- Override CMake install command with custom implementation using symlinks instead of copying resources
-- Found rclcpp: 0.7.7 (/opt/ros/dashing/share/rclcpp/cmake)
-- Found rosidl_adapter: 0.7.5 (/opt/ros/dashing/share/rosidl_adapter/cmake)
-- Found rmw_implementation_cmake: 0.7.2 (/opt/ros/dashing/share/rmw_implementation_cmake/cmake)
-- Found std_msgs: 0.7.0 (/opt/ros/dashing/share/std_msgs/cmake)
-- Found rosidl_default_generators: 0.7.0 (/opt/ros/dashing/share/rosidl_default_generators/cmake)
-- Found ament_lint_auto: 0.7.6 (/opt/ros/dashing/share/ament_lint_auto/cmake)
-- Found PythonInterp: /usr/bin/python3 (found version "3.6.8") 
CMake Error at /opt/ros/dashing/share/rosidl_adapter/cmake/rosidl_adapt_interfaces.cmake:60 (message):
  execute_process(/usr/bin/python3 -m rosidl_adapter --package-name pkg_one
  --arguments-file
  /home/blackjackdev/demos/ros2docker/pkg_one/build/pkg_one/rosidl_adapter__arguments__msg_name.json
  --output-dir
  /home/blackjackdev/demos/ros2docker/pkg_one/build/pkg_one/rosidl_adapter/pkg_one
  --output-file
  /home/blackjackdev/demos/ros2docker/pkg_one/build/pkg_one/rosidl_adapter/msg_name.idls)
  returned error code 1:

  Traceback (most recent call last):

    File "/usr/lib/python3.6/runpy.py", line 193, in _run_module_as_main
      "__main__", mod_spec)
    File "/usr/lib/python3.6/runpy.py", line 85, in _run_code
      exec(code, run_globals)
    File "/opt/ros/dashing/lib/python3.6/site-packages/rosidl_adapter/__main__.py", line 19, in <module>
      sys.exit(main())
    File "/opt/ros/dashing/lib/python3.6/site-packages/rosidl_adapter/main.py", line 55, in main
      pathlib.Path(relative_path), output_dir)
    File "/opt/ros/dashing/lib/python3.6/site-packages/rosidl_adapter/__init__.py", line 20, in convert_to_idl
      package_dir, package_name, interface_file, output_dir / 'msg')
    File "/opt/ros/dashing/lib/python3.6/site-packages/rosidl_adapter/msg/__init__.py", line 28, in convert_msg_to_idl
      msg = parse_message_string(package_name, input_file.stem, content)
    File "/opt/ros/dashing/lib/python3.6/site-packages/rosidl_adapter/parser.py", line 522, in parse_message_string
      msg = MessageSpecification(pkg_name, msg_name, fields, constants)
    File "/opt/ros/dashing/lib/python3.6/site-packages/rosidl_adapter/parser.py", line 373, in __init__
      pkg_name + PACKAGE_NAME_MESSAGE_TYPE_SEPARATOR + msg_name)
    File "/opt/ros/dashing/lib/python3.6/site-packages/rosidl_adapter/parser.py", line 196, in __init__
      raise InvalidResourceName(self.type)

  rosidl_adapter.parser.InvalidResourceName: demo

Call Stack (most recent call first):
  /opt/ros/dashing/share/rosidl_cmake/cmake/rosidl_generate_interfaces.cmake:130 (rosidl_adapt_interfaces)
  CMakeLists.txt:50 (rosidl_generate_interfaces)


-- Configuring incomplete, errors occurred!
See also "/home/blackjackdev/demos/ros2docker/pkg_one/build/pkg_one/CMakeFiles/CMakeOutput.log".
See also "/home/blackjackdev/demos/ros2docker/pkg_one/build/pkg_one/CMakeFiles/CMakeError.log".
Makefile:252: recipe for target 'cmake_check_build_system' failed
make: *** [cmake_check_build_system] Error 1
