[35m[1mScanning dependencies of target node_one[0m
[ 50%] [32mBuilding CXX object CMakeFiles/node_one.dir/src/node_one.cpp.o[0m
[01m[K/home/blackjackdev/demos/ros2docker/pkg_one/src/pkg_one/src/node_one.cpp:[m[K In constructor â€˜[01m[KNodeOne::NodeOne()[m[Kâ€™:
[01m[K/home/blackjackdev/demos/ros2docker/pkg_one/src/pkg_one/src/node_one.cpp:16:33:[m[K [01;31m[Kerror: [m[Kclass â€˜[01m[KNodeOne[m[Kâ€™ does not have any field named â€˜[01m[Km_sensorData[m[Kâ€™
   NodeOne() : Node("node_one"), [01;31m[Km_sensorData[m[K(0)
                                 [01;31m[K^~~~~~~~~~~~[m[K
[01m[K/home/blackjackdev/demos/ros2docker/pkg_one/src/pkg_one/src/node_one.cpp:[m[K In member function â€˜[01m[Kvoid NodeOne::topic_callback(std_msgs::msg::UInt32_<std::allocator<void> >::SharedPtr) const[m[Kâ€™:
[01m[K/home/blackjackdev/demos/ros2docker/pkg_one/src/pkg_one/src/node_one.cpp:33:5:[m[K [01;31m[Kerror: [m[Kâ€˜[01m[KsensorData[m[Kâ€™ was not declared in this scope
     [01;31m[KsensorData[m[K = msg->data / 3;
     [01;31m[K^~~~~~~~~~[m[K
[01m[K/home/blackjackdev/demos/ros2docker/pkg_one/src/pkg_one/src/node_one.cpp:33:5:[m[K [01;36m[Knote: [m[Ksuggested alternative: â€˜[01m[Ksetstate[m[Kâ€™
     [01;36m[KsensorData[m[K = msg->data / 3;
     [01;36m[K^~~~~~~~~~[m[K
     [32m[Ksetstate[m[K
CMakeFiles/node_one.dir/build.make:62: recipe for target 'CMakeFiles/node_one.dir/src/node_one.cpp.o' failed
make[2]: *** [CMakeFiles/node_one.dir/src/node_one.cpp.o] Error 1
make[1]: *** [CMakeFiles/node_one.dir/all] Error 2
make: *** [all] Error 2
CMakeFiles/Makefile2:67: recipe for target 'CMakeFiles/node_one.dir/all' failed
Makefile:140: recipe for target 'all' failed
