[0.000000] (-) TimerEvent: {}
[0.001781] (pkg_one) JobQueued: {'identifier': 'pkg_one', 'dependencies': OrderedDict()}
[0.001921] (pkg_one) JobStarted: {'identifier': 'pkg_one'}
[0.027974] (pkg_one) JobProgress: {'identifier': 'pkg_one', 'progress': 'cmake'}
[0.033664] (pkg_one) JobProgress: {'identifier': 'pkg_one', 'progress': 'build'}
[0.033989] (pkg_one) Command: {'cmd': ['/usr/bin/cmake', '--build', '/home/blackjackdev/demos/ros2docker/pkg_one/build/pkg_one', '--', '-j4', '-l4'], 'cwd': '/home/blackjackdev/demos/ros2docker/pkg_one/build/pkg_one', 'env': OrderedDict([('LESSOPEN', '| /usr/bin/lesspipe %s'), ('USER', 'blackjackdev'), ('LANGUAGE', 'en_US'), ('XDG_SEAT', 'seat0'), ('SSH_AGENT_PID', '1948'), ('XDG_SESSION_TYPE', 'x11'), ('LD_LIBRARY_PATH', '/opt/ros/dashing/opt/yaml_cpp_vendor/lib:/opt/ros/dashing/opt/rviz_ogre_vendor/lib:/opt/ros/dashing/lib'), ('SHLVL', '1'), ('OLDPWD', '/home/blackjackdev/demos/ros2docker'), ('HOME', '/home/blackjackdev'), ('DESKTOP_SESSION', 'xubuntu'), ('ROS_PYTHON_VERSION', '3'), ('XDG_SEAT_PATH', '/org/freedesktop/DisplayManager/Seat0'), ('DBUS_SESSION_BUS_ADDRESS', 'unix:path=/run/user/1000/bus'), ('COLORTERM', 'truecolor'), ('GLADE_MODULE_PATH', ':'), ('QT_QPA_PLATFORMTHEME', 'gtk2'), ('COLCON_PREFIX_PATH', '/home/blackjackdev/demos/ros2docker/pkg_one/install'), ('ROS_DISTRO', 'dashing'), ('LOGNAME', 'blackjackdev'), ('WINDOWID', '65024920'), ('_', '/usr/bin/colcon'), ('ROS_VERSION', '2'), ('GTK_OVERLAY_SCROLLING', '0'), ('XDG_SESSION_ID', 'c1'), ('CLUTTER_BACKEND', 'x11'), ('TERM', 'xterm-256color'), ('PATH', '/opt/ros/dashing/bin:/home/blackjackdev/.local/bin:/usr/local/sbin:/usr/local/bin:/usr/sbin:/usr/bin:/sbin:/bin:/usr/games:/usr/local/games:/snap/bin'), ('GDM_LANG', 'en_US'), ('GLADE_PIXMAP_PATH', ':'), ('SESSION_MANAGER', 'local/blackjackvm:@/tmp/.ICE-unix/1975,unix/blackjackvm:/tmp/.ICE-unix/1975'), ('XDG_MENU_PREFIX', 'xfce-'), ('XDG_RUNTIME_DIR', '/run/user/1000'), ('XDG_SESSION_PATH', '/org/freedesktop/DisplayManager/Session0'), ('DISPLAY', ':0.0'), ('LANG', 'en_US.UTF-8'), ('XDG_CURRENT_DESKTOP', 'XFCE'), ('LS_COLORS', 'rs=0:di=01;34:ln=01;36:mh=00:pi=40;33:so=01;35:do=01;35:bd=40;33;01:cd=40;33;01:or=40;31;01:mi=00:su=37;41:sg=30;43:ca=30;41:tw=30;42:ow=34;42:st=37;44:ex=01;32:*.tar=01;31:*.tgz=01;31:*.arc=01;31:*.arj=01;31:*.taz=01;31:*.lha=01;31:*.lz4=01;31:*.lzh=01;31:*.lzma=01;31:*.tlz=01;31:*.txz=01;31:*.tzo=01;31:*.t7z=01;31:*.zip=01;31:*.z=01;31:*.Z=01;31:*.dz=01;31:*.gz=01;31:*.lrz=01;31:*.lz=01;31:*.lzo=01;31:*.xz=01;31:*.zst=01;31:*.tzst=01;31:*.bz2=01;31:*.bz=01;31:*.tbz=01;31:*.tbz2=01;31:*.tz=01;31:*.deb=01;31:*.rpm=01;31:*.jar=01;31:*.war=01;31:*.ear=01;31:*.sar=01;31:*.rar=01;31:*.alz=01;31:*.ace=01;31:*.zoo=01;31:*.cpio=01;31:*.7z=01;31:*.rz=01;31:*.cab=01;31:*.wim=01;31:*.swm=01;31:*.dwm=01;31:*.esd=01;31:*.jpg=01;35:*.jpeg=01;35:*.mjpg=01;35:*.mjpeg=01;35:*.gif=01;35:*.bmp=01;35:*.pbm=01;35:*.pgm=01;35:*.ppm=01;35:*.tga=01;35:*.xbm=01;35:*.xpm=01;35:*.tif=01;35:*.tiff=01;35:*.png=01;35:*.svg=01;35:*.svgz=01;35:*.mng=01;35:*.pcx=01;35:*.mov=01;35:*.mpg=01;35:*.mpeg=01;35:*.m2v=01;35:*.mkv=01;35:*.webm=01;35:*.ogm=01;35:*.mp4=01;35:*.m4v=01;35:*.mp4v=01;35:*.vob=01;35:*.qt=01;35:*.nuv=01;35:*.wmv=01;35:*.asf=01;35:*.rm=01;35:*.rmvb=01;35:*.flc=01;35:*.avi=01;35:*.fli=01;35:*.flv=01;35:*.gl=01;35:*.dl=01;35:*.xcf=01;35:*.xwd=01;35:*.yuv=01;35:*.cgm=01;35:*.emf=01;35:*.ogv=01;35:*.ogx=01;35:*.aac=00;36:*.au=00;36:*.flac=00;36:*.m4a=00;36:*.mid=00;36:*.midi=00;36:*.mka=00;36:*.mp3=00;36:*.mpc=00;36:*.ogg=00;36:*.ra=00;36:*.wav=00;36:*.oga=00;36:*.opus=00;36:*.spx=00;36:*.xspf=00;36:'), ('XDG_SESSION_DESKTOP', 'xubuntu'), ('XAUTHORITY', '/home/blackjackdev/.Xauthority'), ('AMENT_PREFIX_PATH', '/home/blackjackdev/demos/ros2docker/pkg_one/install/pkg_one:/opt/ros/dashing'), ('SSH_AUTH_SOCK', '/run/user/1000/keyring/ssh'), ('GLADE_CATALOG_PATH', ':'), ('XDG_GREETER_DATA_DIR', '/var/lib/lightdm-data/blackjackdev'), ('SHELL', '/bin/bash'), ('QT_ACCESSIBILITY', '1'), ('GDMSESSION', 'xubuntu'), ('LESSCLOSE', '/usr/bin/lesspipe %s %s'), ('GPG_AGENT_INFO', '/run/user/1000/gnupg/S.gpg-agent:0:1'), ('XDG_VTNR', '7'), ('LC_ALL', 'en_US.UTF-8'), ('PWD', '/home/blackjackdev/demos/ros2docker/pkg_one/build/pkg_one'), ('XDG_DATA_DIRS', '/usr/share/xubuntu:/usr/share/xfce4:/usr/local/share:/usr/share:/var/lib/snapd/desktop:/usr/share'), ('XDG_CONFIG_DIRS', '/etc/xdg/xdg-xubuntu:/etc/xdg:/etc/xdg'), ('PYTHONPATH', '/opt/ros/dashing/lib/python3.6/site-packages'), ('VTE_VERSION', '5202'), ('CMAKE_PREFIX_PATH', '/home/blackjackdev/demos/ros2docker/pkg_one/install/pkg_one:/opt/ros/dashing')]), 'shell': False}
[0.088309] (pkg_one) StdoutLine: {'line': b'\x1b[35m\x1b[1mScanning dependencies of target node_one\x1b[0m\n'}
[0.099323] (-) TimerEvent: {}
[0.119636] (pkg_one) StdoutLine: {'line': b'[ 50%] \x1b[32mBuilding CXX object CMakeFiles/node_one.dir/src/node_one.cpp.o\x1b[0m\n'}
[0.199607] (-) TimerEvent: {}
[0.300545] (-) TimerEvent: {}
[0.401354] (-) TimerEvent: {}
[0.502330] (-) TimerEvent: {}
[0.603110] (-) TimerEvent: {}
[0.703717] (-) TimerEvent: {}
[0.804408] (-) TimerEvent: {}
[0.905164] (-) TimerEvent: {}
[1.006031] (-) TimerEvent: {}
[1.106441] (-) TimerEvent: {}
[1.207125] (-) TimerEvent: {}
[1.307855] (-) TimerEvent: {}
[1.408574] (-) TimerEvent: {}
[1.509238] (-) TimerEvent: {}
[1.610419] (-) TimerEvent: {}
[1.653556] (pkg_one) StderrLine: {'line': b'\x1b[01m\x1b[K/home/blackjackdev/demos/ros2docker/pkg_one/src/pkg_one/src/node_one.cpp:\x1b[m\x1b[K In constructor \xe2\x80\x98\x1b[01m\x1b[KNodeOne::NodeOne()\x1b[m\x1b[K\xe2\x80\x99:\n'}
[1.653828] (pkg_one) StderrLine: {'line': b'\x1b[01m\x1b[K/home/blackjackdev/demos/ros2docker/pkg_one/src/pkg_one/src/node_one.cpp:16:33:\x1b[m\x1b[K \x1b[01;31m\x1b[Kerror: \x1b[m\x1b[Kclass \xe2\x80\x98\x1b[01m\x1b[KNodeOne\x1b[m\x1b[K\xe2\x80\x99 does not have any field named \xe2\x80\x98\x1b[01m\x1b[Km_sensorData\x1b[m\x1b[K\xe2\x80\x99\n'}
[1.654100] (pkg_one) StderrLine: {'line': b'   NodeOne() : Node("node_one"), \x1b[01;31m\x1b[Km_sensorData\x1b[m\x1b[K(0)\n'}
[1.654266] (pkg_one) StderrLine: {'line': b'                                 \x1b[01;31m\x1b[K^~~~~~~~~~~~\x1b[m\x1b[K\n'}
[1.698612] (pkg_one) StderrLine: {'line': b'\x1b[01m\x1b[K/home/blackjackdev/demos/ros2docker/pkg_one/src/pkg_one/src/node_one.cpp:\x1b[m\x1b[K In member function \xe2\x80\x98\x1b[01m\x1b[Kvoid NodeOne::topic_callback(std_msgs::msg::UInt32_<std::allocator<void> >::SharedPtr) const\x1b[m\x1b[K\xe2\x80\x99:\n'}
[1.698879] (pkg_one) StderrLine: {'line': b'\x1b[01m\x1b[K/home/blackjackdev/demos/ros2docker/pkg_one/src/pkg_one/src/node_one.cpp:33:5:\x1b[m\x1b[K \x1b[01;31m\x1b[Kerror: \x1b[m\x1b[K\xe2\x80\x98\x1b[01m\x1b[KsensorData\x1b[m\x1b[K\xe2\x80\x99 was not declared in this scope\n'}
[1.699083] (pkg_one) StderrLine: {'line': b'     \x1b[01;31m\x1b[KsensorData\x1b[m\x1b[K = msg->data / 3;\n'}
[1.699253] (pkg_one) StderrLine: {'line': b'     \x1b[01;31m\x1b[K^~~~~~~~~~\x1b[m\x1b[K\n'}
[1.701542] (pkg_one) StderrLine: {'line': b'\x1b[01m\x1b[K/home/blackjackdev/demos/ros2docker/pkg_one/src/pkg_one/src/node_one.cpp:33:5:\x1b[m\x1b[K \x1b[01;36m\x1b[Knote: \x1b[m\x1b[Ksuggested alternative: \xe2\x80\x98\x1b[01m\x1b[Ksetstate\x1b[m\x1b[K\xe2\x80\x99\n'}
[1.701774] (pkg_one) StderrLine: {'line': b'     \x1b[01;36m\x1b[KsensorData\x1b[m\x1b[K = msg->data / 3;\n'}
[1.701951] (pkg_one) StderrLine: {'line': b'     \x1b[01;36m\x1b[K^~~~~~~~~~\x1b[m\x1b[K\n'}
[1.702232] (pkg_one) StderrLine: {'line': b'     \x1b[32m\x1b[Ksetstate\x1b[m\x1b[K\n'}
[1.710547] (-) TimerEvent: {}
[1.811218] (-) TimerEvent: {}
[1.911950] (-) TimerEvent: {}
[2.012630] (-) TimerEvent: {}
[2.113078] (-) TimerEvent: {}
[2.214310] (-) TimerEvent: {}
[2.314990] (-) TimerEvent: {}
[2.415291] (-) TimerEvent: {}
[2.515836] (-) TimerEvent: {}
[2.616561] (-) TimerEvent: {}
[2.663428] (pkg_one) StdoutLine: {'line': b"CMakeFiles/node_one.dir/build.make:62: recipe for target 'CMakeFiles/node_one.dir/src/node_one.cpp.o' failed\n"}
[2.664155] (pkg_one) StderrLine: {'line': b'make[2]: *** [CMakeFiles/node_one.dir/src/node_one.cpp.o] Error 1\n'}
[2.664359] (pkg_one) StderrLine: {'line': b'make[1]: *** [CMakeFiles/node_one.dir/all] Error 2\n'}
[2.664572] (pkg_one) StderrLine: {'line': b'make: *** [all] Error 2\n'}
[2.664748] (pkg_one) StdoutLine: {'line': b"CMakeFiles/Makefile2:67: recipe for target 'CMakeFiles/node_one.dir/all' failed\n"}
[2.664981] (pkg_one) StdoutLine: {'line': b"Makefile:140: recipe for target 'all' failed\n"}
[2.666847] (pkg_one) CommandEnded: {'returncode': 2}
[2.667506] (pkg_one) JobEnded: {'identifier': 'pkg_one', 'rc': 2}
[2.678464] (-) EventReactorShutdown: {}
