Invoking command in '/home/blackjackdev/demos/ros2docker/pkg_alpha/build/pkg_alpha': CMAKE_PREFIX_PATH=/opt/ros/dashing /usr/bin/cmake --build /home/blackjackdev/demos/ros2docker/pkg_alpha/build/pkg_alpha -- -j4 -l4
[35m[1mScanning dependencies of target node_alpha[0m
[ 50%] [32mBuilding CXX object CMakeFiles/node_alpha.dir/src/node_alpha.cpp.o[0m
[01m[K/home/blackjackdev/demos/ros2docker/pkg_alpha/src/pkg_alpha/src/node_alpha.cpp:[m[K In member function â€˜[01m[Kvoid NodeAlpha::topic_callback(std_msgs::msg::UInt32_<std::allocator<void> >::SharedPtr) const[m[Kâ€™:
[01m[K/home/blackjackdev/demos/ros2docker/pkg_alpha/src/pkg_alpha/src/node_alpha.cpp:30:18:[m[K [01;31m[Kerror: [m[Kâ€˜[01m[Kusing SomeInfo = struct ia_msgs::msg::SomeInfo_<std::allocator<void> > {aka struct ia_msgs::msg::SomeInfo_<std::allocator<void> >}[m[Kâ€™ has no member named â€˜[01m[KBaseStruct[m[Kâ€™
     infoInstance.[01;31m[KBaseStruct[m[K.id = 1;
                  [01;31m[K^~~~~~~~~~[m[K
CMakeFiles/node_alpha.dir/build.make:62: recipe for target 'CMakeFiles/node_alpha.dir/src/node_alpha.cpp.o' failed
CMakeFiles/Makefile2:99: recipe for target 'CMakeFiles/node_alpha.dir/all' failed
Makefile:140: recipe for target 'all' failed
make[2]: *** [CMakeFiles/node_alpha.dir/src/node_alpha.cpp.o] Error 1
make[1]: *** [CMakeFiles/node_alpha.dir/all] Error 2
make: *** [all] Error 2
Invoked command in '/home/blackjackdev/demos/ros2docker/pkg_alpha/build/pkg_alpha' returned '2': CMAKE_PREFIX_PATH=/opt/ros/dashing /usr/bin/cmake --build /home/blackjackdev/demos/ros2docker/pkg_alpha/build/pkg_alpha -- -j4 -l4
