Invoking command in '/home/blackjackdev/demos/ros2docker/build/ia_msgs': CMAKE_PREFIX_PATH=${CMAKE_PREFIX_PATH}:/opt/ros/dashing /usr/bin/cmake /home/blackjackdev/demos/ros2docker/ia_msgs/src/ia_msgs -DAMENT_CMAKE_SYMLINK_INSTALL=1 -DCMAKE_INSTALL_PREFIX=/home/blackjackdev/demos/ros2docker/install/ia_msgs
-- The C compiler identification is GNU 7.4.0
-- The CXX compiler identification is GNU 7.4.0
-- Check for working C compiler: /usr/bin/cc
-- Check for working C compiler: /usr/bin/cc -- works
-- Detecting C compiler ABI info
-- Detecting C compiler ABI info - done
-- Detecting C compile features
-- Detecting C compile features - done
-- Check for working CXX compiler: /usr/bin/c++
-- Check for working CXX compiler: /usr/bin/c++ -- works
-- Detecting CXX compiler ABI info
-- Detecting CXX compiler ABI info - done
-- Detecting CXX compile features
-- Detecting CXX compile features - done
-- Found ament_cmake: 0.7.3 (/opt/ros/dashing/share/ament_cmake/cmake)
-- Found PythonInterp: /usr/bin/python3 (found suitable version "3.6.8", minimum required is "3") 
-- Using PYTHON_EXECUTABLE: /usr/bin/python3
-- Override CMake install command with custom implementation using symlinks instead of copying resources
-- Found std_msgs: 0.7.0 (/opt/ros/dashing/share/std_msgs/cmake)
-- Found rosidl_adapter: 0.7.5 (/opt/ros/dashing/share/rosidl_adapter/cmake)
-- Found rosidl_default_generators: 0.7.0 (/opt/ros/dashing/share/rosidl_default_generators/cmake)
-- Found OpenSSL: /usr/lib/x86_64-linux-gnu/libcrypto.so (found version "1.1.1") 
-- Found FastRTPS: /opt/ros/dashing/include  
-- Found ament_lint_auto: 0.7.8 (/opt/ros/dashing/share/ament_lint_auto/cmake)
-- Found PythonInterp: /usr/bin/python3 (found version "3.6.8") 
-- Using single matching rosidl_typesupport_c: rosidl_typesupport_fastrtps_c
-- Using single matching rosidl_typesupport_cpp: rosidl_typesupport_fastrtps_cpp
-- Found rmw_implementation_cmake: 0.7.2 (/opt/ros/dashing/share/rmw_implementation_cmake/cmake)
-- Found PythonInterp: /usr/bin/python3 (found suitable version "3.6.8", minimum required is "3.5") 
-- Found python_cmake_module: 0.7.7 (/opt/ros/dashing/share/python_cmake_module/cmake)
-- Found PythonLibs: /usr/lib/x86_64-linux-gnu/libpython3.6m.so (found suitable version "3.6.8", minimum required is "3.5") 
-- Using PYTHON_EXECUTABLE: /usr/bin/python3
-- Using PYTHON_INCLUDE_DIRS: /usr/include/python3.6m
-- Using PYTHON_LIBRARIES: /usr/lib/x86_64-linux-gnu/libpython3.6m.so
-- Found PythonExtra: .so  
-- Added test 'lint_cmake' to check CMake code style
-- Added test 'xmllint' to check XML markup files
-- Configuring done
-- Generating done
-- Build files have been written to: /home/blackjackdev/demos/ros2docker/build/ia_msgs
Invoked command in '/home/blackjackdev/demos/ros2docker/build/ia_msgs' returned '0': CMAKE_PREFIX_PATH=${CMAKE_PREFIX_PATH}:/opt/ros/dashing /usr/bin/cmake /home/blackjackdev/demos/ros2docker/ia_msgs/src/ia_msgs -DAMENT_CMAKE_SYMLINK_INSTALL=1 -DCMAKE_INSTALL_PREFIX=/home/blackjackdev/demos/ros2docker/install/ia_msgs
Invoking command in '/home/blackjackdev/demos/ros2docker/build/ia_msgs': CMAKE_PREFIX_PATH=${CMAKE_PREFIX_PATH}:/opt/ros/dashing /usr/bin/cmake --build /home/blackjackdev/demos/ros2docker/build/ia_msgs -- -j4 -l4
[35m[1mScanning dependencies of target ia_msgs__cpp[0m
[  2%] [34m[1mGenerating C code for ROS interfaces[0m
[  4%] [34m[1mGenerating C++ code for ROS interfaces[0m
[  4%] Built target ia_msgs__cpp
[  6%] [34m[1mGenerating C++ introspection for ROS interfaces[0m
[  8%] [34m[1mGenerating C++ type support for eProsima Fast-RTPS[0m
[35m[1mScanning dependencies of target ia_msgs__rosidl_generator_c[0m
[ 13%] [32mBuilding C object CMakeFiles/ia_msgs__rosidl_generator_c.dir/rosidl_generator_c/ia_msgs/msg/base_struct__functions.c.o[0m
[ 13%] [32mBuilding C object CMakeFiles/ia_msgs__rosidl_generator_c.dir/rosidl_generator_c/ia_msgs/msg/some_info__functions.c.o[0m
[ 15%] [32mBuilding C object CMakeFiles/ia_msgs__rosidl_generator_c.dir/rosidl_generator_c/ia_msgs/msg/new_msg__functions.c.o[0m
[ 17%] [32m[1mLinking C shared library libia_msgs__rosidl_generator_c.so[0m
[ 17%] Built target ia_msgs__rosidl_generator_c
[ 20%] [34m[1mGenerating C introspection for ROS interfaces[0m
[35m[1mScanning dependencies of target ia_msgs__rosidl_typesupport_introspection_cpp[0m
[ 22%] [32mBuilding CXX object CMakeFiles/ia_msgs__rosidl_typesupport_introspection_cpp.dir/rosidl_typesupport_introspection_cpp/ia_msgs/msg/base_struct__type_support.cpp.o[0m
[ 24%] [32mBuilding CXX object CMakeFiles/ia_msgs__rosidl_typesupport_introspection_cpp.dir/rosidl_typesupport_introspection_cpp/ia_msgs/msg/some_info__type_support.cpp.o[0m
make[2]: *** [CMakeFiles/ia_msgs__rosidl_typesupport_introspection_cpp.dir/rosidl_typesupport_introspection_cpp/ia_msgs/msg/some_info__type_support.cpp.o] Interrupt
make[2]: *** [CMakeFiles/ia_msgs__rosidl_typesupport_introspection_cpp.dir/rosidl_typesupport_introspection_cpp/ia_msgs/msg/base_struct__type_support.cpp.o] Interrupt
make[2]: *** [CMakeFiles/ia_msgs__rosidl_typesupport_fastrtps_cpp.dir/depend] Interrupt
make[1]: *** [CMakeFiles/ia_msgs__rosidl_typesupport_fastrtps_cpp.dir/all] Interrupt
make[1]: *** [CMakeFiles/ia_msgs__rosidl_typesupport_introspection_cpp.dir/all] Interrupt
CMakeFiles/ia_msgs__rosidl_typesupport_introspection_cpp.dir/build.make:147: recipe for target 'CMakeFiles/ia_msgs__rosidl_typesupport_introspection_cpp.dir/rosidl_typesupport_introspection_cpp/ia_msgs/msg/some_info__type_support.cpp.o' failed
CMakeFiles/ia_msgs__rosidl_typesupport_introspection_cpp.dir/build.make:123: recipe for target 'CMakeFiles/ia_msgs__rosidl_typesupport_introspection_cpp.dir/rosidl_typesupport_introspection_cpp/ia_msgs/msg/base_struct__type_support.cpp.o' failed
CMakeFiles/ia_msgs__rosidl_typesupport_fastrtps_cpp.dir/build.make:279: recipe for target 'CMakeFiles/ia_msgs__rosidl_typesupport_fastrtps_cpp.dir/depend' failed
CMakeFiles/Makefile2:487: recipe for target 'CMakeFiles/ia_msgs__rosidl_typesupport_fastrtps_cpp.dir/all' failed
CMakeFiles/Makefile2:406: recipe for target 'CMakeFiles/ia_msgs__rosidl_typesupport_introspection_cpp.dir/all' failed
Traceback (most recent call last):
  File "/opt/ros/dashing/lib/rosidl_typesupport_introspection_c/rosidl_typesupport_introspection_c", line 23, in <module>
    sys.exit(main())
  File "/opt/ros/dashing/lib/rosidl_typesupport_introspection_c/rosidl_typesupport_introspection_c", line 19, in main
    return generate_c(args.generator_arguments_file)
  File "/opt/ros/dashing/lib/python3.6/site-packages/rosidl_typesupport_introspection_c/__init__.py", line 24, in generate_c
    generate_files(generator_arguments_file, mapping)
  File "/opt/ros/dashing/lib/python3.6/site-packages/rosidl_cmake/__init__.py", line 70, in generate_files
    idl_file = parse_idl_file(locator)
  File "/opt/ros/dashing/lib/python3.6/site-packages/rosidl_parser/parser.py", line 64, in parse_idl_file
    content = parse_idl_string(string, png_file=png_file)
  File "/opt/ros/dashing/lib/python3.6/site-packages/rosidl_parser/parser.py", line 72, in parse_idl_string
    tree = get_ast_from_idl_string(idl_string)
  File "/opt/ros/dashing/lib/python3.6/site-packages/rosidl_parser/parser.py", line 88, in get_ast_from_idl_string
    _parser = Lark(grammar, start='specification')
  File "/usr/lib/python3/dist-packages/lark/lark.py", line 206, in __init__
    self.terminals, self.rules, self.ignore_tokens = self.grammar.compile(self.options.start)
  File "/usr/lib/python3/dist-packages/lark/load_grammar.py", line 553, in compile
    used_rules = {s for r in compiled_rules
  File "/usr/lib/python3/dist-packages/lark/load_grammar.py", line 556, in <setcomp>
    and s != r.origin}
  File "/usr/lib/python3/dist-packages/lark/grammar.py", line 19, in __hash__
    return hash(self.name)
KeyboardInterrupt
make[2]: *** [rosidl_typesupport_introspection_c/ia_msgs/msg/base_struct__rosidl_typesupport_introspection_c.h] Error 1
CMakeFiles/ia_msgs__rosidl_typesupport_introspection_c.dir/build.make:103: recipe for target 'rosidl_typesupport_introspection_c/ia_msgs/msg/base_struct__rosidl_typesupport_introspection_c.h' failed
CMakeFiles/Makefile2:67: recipe for target 'CMakeFiles/ia_msgs__rosidl_typesupport_introspection_c.dir/all' failed
Makefile:140: recipe for target 'all' failed
make[1]: *** [CMakeFiles/ia_msgs__rosidl_typesupport_introspection_c.dir/all] Interrupt
make: *** [all] Interrupt
