[35m[1mScanning dependencies of target node_alpha[0m
[ 50%] [32mBuilding CXX object CMakeFiles/node_alpha.dir/src/node_alpha.cpp.o[0m
[01m[K/home/blackjackdev/demos/ros2docker/pkg_alpha/src/pkg_alpha/src/node_alpha.cpp:25:44:[m[K [01;31m[Kerror: [m[Kâ€˜[01m[KUInt32[m[Kâ€™ in namespace â€˜[01m[Kstd_msgs::msg[m[Kâ€™ does not name a type
   void topic_callback(const std_msgs::msg::[01;31m[KUInt32[m[K::SharedPtr msg) const
                                            [01;31m[K^~~~~~[m[K
[01m[K/home/blackjackdev/demos/ros2docker/pkg_alpha/src/pkg_alpha/src/node_alpha.cpp:25:62:[m[K [01;31m[Kerror: [m[Kexpected unqualified-id before â€˜[01m[Kmsg[m[Kâ€™
   void topic_callback(const std_msgs::msg::UInt32::SharedPtr [01;31m[Kmsg[m[K) const
                                                              [01;31m[K^~~[m[K
[01m[K/home/blackjackdev/demos/ros2docker/pkg_alpha/src/pkg_alpha/src/node_alpha.cpp:25:62:[m[K [01;31m[Kerror: [m[Kexpected â€˜[01m[K)[m[Kâ€™ before â€˜[01m[Kmsg[m[Kâ€™
[01m[K/home/blackjackdev/demos/ros2docker/pkg_alpha/src/pkg_alpha/src/node_alpha.cpp:25:52:[m[K [01;31m[Kerror: [m[Kexpected â€˜[01m[K;[m[Kâ€™ at end of member declaration
   void topic_callback(const std_msgs::msg::UInt32::[01;31m[KSharedPtr[m[K msg) const
                                                    [01;31m[K^~~~~~~~~[m[K
[01m[K/home/blackjackdev/demos/ros2docker/pkg_alpha/src/pkg_alpha/src/node_alpha.cpp:25:62:[m[K [01;31m[Kerror: [m[Kâ€˜[01m[Kmsg[m[Kâ€™ does not name a type
   void topic_callback(const std_msgs::msg::UInt32::SharedPtr [01;31m[Kmsg[m[K) const
                                                              [01;31m[K^~~[m[K
[01m[K/home/blackjackdev/demos/ros2docker/pkg_alpha/src/pkg_alpha/src/node_alpha.cpp:35:39:[m[K [01;31m[Kerror: [m[Kâ€˜[01m[KUInt32[m[Kâ€™ is not a member of â€˜[01m[Kstd_msgs::msg[m[Kâ€™
   rclcpp::Subscription<std_msgs::msg::[01;31m[KUInt32[m[K>::SharedPtr m_subscription;
                                       [01;31m[K^~~~~~[m[K
[01m[K/home/blackjackdev/demos/ros2docker/pkg_alpha/src/pkg_alpha/src/node_alpha.cpp:35:39:[m[K [01;31m[Kerror: [m[Kâ€˜[01m[KUInt32[m[Kâ€™ is not a member of â€˜[01m[Kstd_msgs::msg[m[Kâ€™
[01m[K/home/blackjackdev/demos/ros2docker/pkg_alpha/src/pkg_alpha/src/node_alpha.cpp:35:45:[m[K [01;31m[Kerror: [m[Ktemplate argument 1 is invalid
   rclcpp::Subscription<std_msgs::msg::UInt32[01;31m[K>[m[K::SharedPtr m_subscription;
                                             [01;31m[K^[m[K
[01m[K/home/blackjackdev/demos/ros2docker/pkg_alpha/src/pkg_alpha/src/node_alpha.cpp:35:48:[m[K [01;31m[Kerror: [m[Kexpected â€˜[01m[K;[m[Kâ€™ at end of member declaration
   rclcpp::Subscription<std_msgs::msg::UInt32>::[01;31m[KSharedPtr[m[K m_subscription;
                                                [01;31m[K^~~~~~~~~[m[K
[01m[K/home/blackjackdev/demos/ros2docker/pkg_alpha/src/pkg_alpha/src/node_alpha.cpp:35:58:[m[K [01;31m[Kerror: [m[Kâ€˜[01m[Km_subscription[m[Kâ€™ does not name a type; did you mean â€˜[01m[Krmw_subscription_t[m[Kâ€™?
   rclcpp::Subscription<std_msgs::msg::UInt32>::SharedPtr [01;31m[Km_subscription[m[K;
                                                          [01;31m[K^~~~~~~~~~~~~~[m[K
                                                          [32m[Krmw_subscription_t[m[K
[01m[K/home/blackjackdev/demos/ros2docker/pkg_alpha/src/pkg_alpha/src/node_alpha.cpp:37:36:[m[K [01;31m[Kerror: [m[Kâ€˜[01m[KUInt32[m[Kâ€™ is not a member of â€˜[01m[Kstd_msgs::msg[m[Kâ€™
   rclcpp::Publisher<std_msgs::msg::[01;31m[KUInt32[m[K>::SharedPtr m_publisher;
                                    [01;31m[K^~~~~~[m[K
[01m[K/home/blackjackdev/demos/ros2docker/pkg_alpha/src/pkg_alpha/src/node_alpha.cpp:37:36:[m[K [01;31m[Kerror: [m[Kâ€˜[01m[KUInt32[m[Kâ€™ is not a member of â€˜[01m[Kstd_msgs::msg[m[Kâ€™
[01m[K/home/blackjackdev/demos/ros2docker/pkg_alpha/src/pkg_alpha/src/node_alpha.cpp:37:42:[m[K [01;31m[Kerror: [m[Ktemplate argument 1 is invalid
   rclcpp::Publisher<std_msgs::msg::UInt32[01;31m[K>[m[K::SharedPtr m_publisher;
                                          [01;31m[K^[m[K
[01m[K/home/blackjackdev/demos/ros2docker/pkg_alpha/src/pkg_alpha/src/node_alpha.cpp:37:45:[m[K [01;31m[Kerror: [m[Kexpected â€˜[01m[K;[m[Kâ€™ at end of member declaration
   rclcpp::Publisher<std_msgs::msg::UInt32>::[01;31m[KSharedPtr[m[K m_publisher;
                                             [01;31m[K^~~~~~~~~[m[K
[01m[K/home/blackjackdev/demos/ros2docker/pkg_alpha/src/pkg_alpha/src/node_alpha.cpp:37:45:[m[K [01;31m[Kerror: [m[Kredeclaration of â€˜[01m[Kint NodeAlpha::SharedPtr[m[Kâ€™
[01m[K/home/blackjackdev/demos/ros2docker/pkg_alpha/src/pkg_alpha/src/node_alpha.cpp:35:48:[m[K [01;36m[Knote: [m[Kprevious declaration â€˜[01m[Kint NodeAlpha::SharedPtr[m[Kâ€™
   rclcpp::Subscription<std_msgs::msg::UInt32>::[01;36m[KSharedPtr[m[K m_subscription;
                                                [01;36m[K^~~~~~~~~[m[K
[01m[K/home/blackjackdev/demos/ros2docker/pkg_alpha/src/pkg_alpha/src/node_alpha.cpp:37:55:[m[K [01;31m[Kerror: [m[Kâ€˜[01m[Km_publisher[m[Kâ€™ does not name a type; did you mean â€˜[01m[Krmw_publish[m[Kâ€™?
   rclcpp::Publisher<std_msgs::msg::UInt32>::SharedPtr [01;31m[Km_publisher[m[K;
                                                       [01;31m[K^~~~~~~~~~~[m[K
                                                       [32m[Krmw_publish[m[K
[01m[K/home/blackjackdev/demos/ros2docker/pkg_alpha/src/pkg_alpha/src/node_alpha.cpp:[m[K In constructor â€˜[01m[KNodeAlpha::NodeAlpha()[m[Kâ€™:
[01m[K/home/blackjackdev/demos/ros2docker/pkg_alpha/src/pkg_alpha/src/node_alpha.cpp:16:5:[m[K [01;31m[Kerror: [m[Kâ€˜[01m[Km_publisher[m[Kâ€™ was not declared in this scope
     [01;31m[Km_publisher[m[K = this->create_publisher<std_msgs::msg::UInt32>("results", 10);
     [01;31m[K^~~~~~~~~~~[m[K
[01m[K/home/blackjackdev/demos/ros2docker/pkg_alpha/src/pkg_alpha/src/node_alpha.cpp:16:5:[m[K [01;36m[Knote: [m[Ksuggested alternative: â€˜[01m[Krmw_publish[m[Kâ€™
     [01;36m[Km_publisher[m[K = this->create_publisher<std_msgs::msg::UInt32>("results", 10);
     [01;36m[K^~~~~~~~~~~[m[K
     [32m[Krmw_publish[m[K
[01m[K/home/blackjackdev/demos/ros2docker/pkg_alpha/src/pkg_alpha/src/node_alpha.cpp:16:57:[m[K [01;31m[Kerror: [m[Kâ€˜[01m[KUInt32[m[Kâ€™ is not a member of â€˜[01m[Kstd_msgs::msg[m[Kâ€™
     m_publisher = this->create_publisher<std_msgs::msg::[01;31m[KUInt32[m[K>("results", 10);
                                                         [01;31m[K^~~~~~[m[K
[01m[K/home/blackjackdev/demos/ros2docker/pkg_alpha/src/pkg_alpha/src/node_alpha.cpp:16:57:[m[K [01;31m[Kerror: [m[Kâ€˜[01m[KUInt32[m[Kâ€™ is not a member of â€˜[01m[Kstd_msgs::msg[m[Kâ€™
[01m[K/home/blackjackdev/demos/ros2docker/pkg_alpha/src/pkg_alpha/src/node_alpha.cpp:16:78:[m[K [01;31m[Kerror: [m[Kno matching function for call to â€˜[01m[KNodeAlpha::create_publisher<<expression error> >(const char [8], int)[m[Kâ€™
     m_publisher = this->create_publisher<std_msgs::msg::UInt32>("results", 10[01;31m[K)[m[K;
                                                                              [01;31m[K^[m[K
In file included from [01m[K/opt/ros/dashing/include/rclcpp/executors/single_threaded_executor.hpp:28:0[m[K,
                 from [01m[K/opt/ros/dashing/include/rclcpp/executors.hpp:22[m[K,
                 from [01m[K/opt/ros/dashing/include/rclcpp/rclcpp.hpp:144[m[K,
                 from [01m[K/home/blackjackdev/demos/ros2docker/pkg_alpha/src/pkg_alpha/src/node_alpha.cpp:4[m[K:
[01m[K/opt/ros/dashing/include/rclcpp/node.hpp:177:3:[m[K [01;36m[Knote: [m[Kcandidate: template<class MessageT, class AllocatorT, class PublisherT> std::shared_ptr<PublisherT> rclcpp::Node::create_publisher(const string&, const rclcpp::QoS&, const rclcpp::PublisherOptionsWithAllocator<AllocatorT>&)
   [01;36m[Kcreate_publisher[m[K(
   [01;36m[K^~~~~~~~~~~~~~~~[m[K
[01m[K/opt/ros/dashing/include/rclcpp/node.hpp:177:3:[m[K [01;36m[Knote: [m[K  template argument deduction/substitution failed:
[01m[K/home/blackjackdev/demos/ros2docker/pkg_alpha/src/pkg_alpha/src/node_alpha.cpp:16:78:[m[K [01;31m[Kerror: [m[Ktemplate argument 1 is invalid
     m_publisher = this->create_publisher<std_msgs::msg::UInt32>("results", 10[01;31m[K)[m[K;
                                                                              [01;31m[K^[m[K
In file included from [01m[K/opt/ros/dashing/include/rclcpp/executors/single_threaded_executor.hpp:28:0[m[K,
                 from [01m[K/opt/ros/dashing/include/rclcpp/executors.hpp:22[m[K,
                 from [01m[K/opt/ros/dashing/include/rclcpp/rclcpp.hpp:144[m[K,
                 from [01m[K/home/blackjackdev/demos/ros2docker/pkg_alpha/src/pkg_alpha/src/node_alpha.cpp:4[m[K:
[01m[K/opt/ros/dashing/include/rclcpp/node.hpp:198:3:[m[K [01;36m[Knote: [m[Kcandidate: template<class MessageT, class AllocatorT, class PublisherT> std::shared_ptr<PublisherT> rclcpp::Node::create_publisher(const string&, size_t, std::shared_ptr<_Up>)
   [01;36m[Kcreate_publisher[m[K(
   [01;36m[K^~~~~~~~~~~~~~~~[m[K
[01m[K/opt/ros/dashing/include/rclcpp/node.hpp:198:3:[m[K [01;36m[Knote: [m[K  template argument deduction/substitution failed:
[01m[K/home/blackjackdev/demos/ros2docker/pkg_alpha/src/pkg_alpha/src/node_alpha.cpp:16:78:[m[K [01;31m[Kerror: [m[Ktemplate argument 1 is invalid
     m_publisher = this->create_publisher<std_msgs::msg::UInt32>("results", 10[01;31m[K)[m[K;
                                                                              [01;31m[K^[m[K
In file included from [01m[K/opt/ros/dashing/include/rclcpp/executors/single_threaded_executor.hpp:28:0[m[K,
                 from [01m[K/opt/ros/dashing/include/rclcpp/executors.hpp:22[m[K,
                 from [01m[K/opt/ros/dashing/include/rclcpp/rclcpp.hpp:144[m[K,
                 from [01m[K/home/blackjackdev/demos/ros2docker/pkg_alpha/src/pkg_alpha/src/node_alpha.cpp:4[m[K:
[01m[K/opt/ros/dashing/include/rclcpp/node.hpp:217:3:[m[K [01;36m[Knote: [m[Kcandidate: template<class MessageT, class AllocatorT, class PublisherT> std::shared_ptr<PublisherT> rclcpp::Node::create_publisher(const string&, const rmw_qos_profile_t&, std::shared_ptr<_Up>)
   [01;36m[Kcreate_publisher[m[K(
   [01;36m[K^~~~~~~~~~~~~~~~[m[K
[01m[K/opt/ros/dashing/include/rclcpp/node.hpp:217:3:[m[K [01;36m[Knote: [m[K  template argument deduction/substitution failed:
[01m[K/home/blackjackdev/demos/ros2docker/pkg_alpha/src/pkg_alpha/src/node_alpha.cpp:16:78:[m[K [01;31m[Kerror: [m[Ktemplate argument 1 is invalid
     m_publisher = this->create_publisher<std_msgs::msg::UInt32>("results", 10[01;31m[K)[m[K;
                                                                              [01;31m[K^[m[K
[01m[K/home/blackjackdev/demos/ros2docker/pkg_alpha/src/pkg_alpha/src/node_alpha.cpp:17:5:[m[K [01;31m[Kerror: [m[Kâ€˜[01m[Km_subscription[m[Kâ€™ was not declared in this scope
     [01;31m[Km_subscription[m[K = this->create_subscription<std_msgs::msg::UInt32>(
     [01;31m[K^~~~~~~~~~~~~~[m[K
[01m[K/home/blackjackdev/demos/ros2docker/pkg_alpha/src/pkg_alpha/src/node_alpha.cpp:17:5:[m[K [01;36m[Knote: [m[Ksuggested alternative: â€˜[01m[Krmw_subscription_t[m[Kâ€™
     [01;36m[Km_subscription[m[K = this->create_subscription<std_msgs::msg::UInt32>(
     [01;36m[K^~~~~~~~~~~~~~[m[K
     [32m[Krmw_subscription_t[m[K
[01m[K/home/blackjackdev/demos/ros2docker/pkg_alpha/src/pkg_alpha/src/node_alpha.cpp:17:63:[m[K [01;31m[Kerror: [m[Kâ€˜[01m[KUInt32[m[Kâ€™ is not a member of â€˜[01m[Kstd_msgs::msg[m[Kâ€™
     m_subscription = this->create_subscription<std_msgs::msg::[01;31m[KUInt32[m[K>(
                                                               [01;31m[K^~~~~~[m[K
[01m[K/home/blackjackdev/demos/ros2docker/pkg_alpha/src/pkg_alpha/src/node_alpha.cpp:17:63:[m[K [01;31m[Kerror: [m[Kâ€˜[01m[KUInt32[m[Kâ€™ is not a member of â€˜[01m[Kstd_msgs::msg[m[Kâ€™
[01m[K/home/blackjackdev/demos/ros2docker/pkg_alpha/src/pkg_alpha/src/node_alpha.cpp:18:68:[m[K [01;31m[Kerror: [m[Kno matching function for call to â€˜[01m[KNodeAlpha::create_subscription<<expression error> >(const char [7], int, std::_Bind_helper<false, void (NodeAlpha::*)(...), NodeAlpha*, const std::_Placeholder<1>&>::type)[m[Kâ€™
       "sensor", 10, std::bind(&NodeAlpha::topic_callback, this, _1)[01;31m[K)[m[K;
                                                                    [01;31m[K^[m[K
In file included from [01m[K/opt/ros/dashing/include/rclcpp/executors/single_threaded_executor.hpp:28:0[m[K,
                 from [01m[K/opt/ros/dashing/include/rclcpp/executors.hpp:22[m[K,
                 from [01m[K/opt/ros/dashing/include/rclcpp/rclcpp.hpp:144[m[K,
                 from [01m[K/home/blackjackdev/demos/ros2docker/pkg_alpha/src/pkg_alpha/src/node_alpha.cpp:4[m[K:
[01m[K/opt/ros/dashing/include/rclcpp/node.hpp:242:3:[m[K [01;36m[Knote: [m[Kcandidate: template<class MessageT, class CallbackT, class AllocatorT, class SubscriptionT> std::shared_ptr<SubscriptionT> rclcpp::Node::create_subscription(const string&, const rclcpp::QoS&, CallbackT&&, const rclcpp::SubscriptionOptionsWithAllocator<AllocatorT>&, typename rclcpp::message_memory_strategy::MessageMemoryStrategy<typename rclcpp::subscription_traits::has_message_type<CallbackT>::type, AllocatorT>::SharedPtr)
   [01;36m[Kcreate_subscription[m[K(
   [01;36m[K^~~~~~~~~~~~~~~~~~~[m[K
[01m[K/opt/ros/dashing/include/rclcpp/node.hpp:242:3:[m[K [01;36m[Knote: [m[K  template argument deduction/substitution failed:
[01m[K/home/blackjackdev/demos/ros2docker/pkg_alpha/src/pkg_alpha/src/node_alpha.cpp:18:68:[m[K [01;31m[Kerror: [m[Ktemplate argument 1 is invalid
       "sensor", 10, std::bind(&NodeAlpha::topic_callback, this, _1)[01;31m[K)[m[K;
                                                                    [01;31m[K^[m[K
In file included from [01m[K/opt/ros/dashing/include/rclcpp/executors/single_threaded_executor.hpp:28:0[m[K,
                 from [01m[K/opt/ros/dashing/include/rclcpp/executors.hpp:22[m[K,
                 from [01m[K/opt/ros/dashing/include/rclcpp/rclcpp.hpp:144[m[K,
                 from [01m[K/home/blackjackdev/demos/ros2docker/pkg_alpha/src/pkg_alpha/src/node_alpha.cpp:4[m[K:
[01m[K/opt/ros/dashing/include/rclcpp/node.hpp:279:3:[m[K [01;36m[Knote: [m[Kcandidate: template<class MessageT, class CallbackT, class Alloc, class SubscriptionT> std::shared_ptr<SubscriptionT> rclcpp::Node::create_subscription(const string&, CallbackT&&, const rmw_qos_profile_t&, rclcpp::callback_group::CallbackGroup::SharedPtr, bool, typename rclcpp::message_memory_strategy::MessageMemoryStrategy<typename rclcpp::subscription_traits::has_message_type<CallbackT>::type, AllocatorT>::SharedPtr, std::shared_ptr<PublisherT>)
   [01;36m[Kcreate_subscription[m[K(
   [01;36m[K^~~~~~~~~~~~~~~~~~~[m[K
[01m[K/opt/ros/dashing/include/rclcpp/node.hpp:279:3:[m[K [01;36m[Knote: [m[K  template argument deduction/substitution failed:
[01m[K/home/blackjackdev/demos/ros2docker/pkg_alpha/src/pkg_alpha/src/node_alpha.cpp:18:68:[m[K [01;31m[Kerror: [m[Ktemplate argument 1 is invalid
       "sensor", 10, std::bind(&NodeAlpha::topic_callback, this, _1)[01;31m[K)[m[K;
                                                                    [01;31m[K^[m[K
In file included from [01m[K/opt/ros/dashing/include/rclcpp/executors/single_threaded_executor.hpp:28:0[m[K,
                 from [01m[K/opt/ros/dashing/include/rclcpp/executors.hpp:22[m[K,
                 from [01m[K/opt/ros/dashing/include/rclcpp/rclcpp.hpp:144[m[K,
                 from [01m[K/home/blackjackdev/demos/ros2docker/pkg_alpha/src/pkg_alpha/src/node_alpha.cpp:4[m[K:
[01m[K/opt/ros/dashing/include/rclcpp/node.hpp:316:3:[m[K [01;36m[Knote: [m[Kcandidate: template<class MessageT, class CallbackT, class Alloc, class SubscriptionT> std::shared_ptr<SubscriptionT> rclcpp::Node::create_subscription(const string&, CallbackT&&, size_t, rclcpp::callback_group::CallbackGroup::SharedPtr, bool, typename rclcpp::message_memory_strategy::MessageMemoryStrategy<typename rclcpp::subscription_traits::has_message_type<CallbackT>::type, AllocatorT>::SharedPtr, std::shared_ptr<PublisherT>)
   [01;36m[Kcreate_subscription[m[K(
   [01;36m[K^~~~~~~~~~~~~~~~~~~[m[K
[01m[K/opt/ros/dashing/include/rclcpp/node.hpp:316:3:[m[K [01;36m[Knote: [m[K  template argument deduction/substitution failed:
[01m[K/home/blackjackdev/demos/ros2docker/pkg_alpha/src/pkg_alpha/src/node_alpha.cpp:18:68:[m[K [01;31m[Kerror: [m[Ktemplate argument 1 is invalid
       "sensor", 10, std::bind(&NodeAlpha::topic_callback, this, _1)[01;31m[K)[m[K;
                                                                    [01;31m[K^[m[K
CMakeFiles/node_alpha.dir/build.make:62: recipe for target 'CMakeFiles/node_alpha.dir/src/node_alpha.cpp.o' failed
CMakeFiles/Makefile2:99: recipe for target 'CMakeFiles/node_alpha.dir/all' failed
Makefile:140: recipe for target 'all' failed
make[2]: *** [CMakeFiles/node_alpha.dir/src/node_alpha.cpp.o] Error 1
make[1]: *** [CMakeFiles/node_alpha.dir/all] Error 2
make: *** [all] Error 2
